2013-07-30 21:26:08 Error: [PDOException] SQLSTATE[HY000]: General error: 1 Can't create/write to file '/Applications/XAMPP/xamppfiles/temp/#sql20f_30b_1.MYI' (Errcode: 13)
Request URL: /users/login
Stack Trace:
#0 /Applications/XAMPP/xamppfiles/htdocs/ea/lib/Cake/Model/Datasource/DboSource.php(460): PDOStatement->execute(Array)
#1 /Applications/XAMPP/xamppfiles/htdocs/ea/lib/Cake/Model/Datasource/Database/Mysql.php(313): DboSource->_execute('SHOW FULL COLUM...')
#2 /Applications/XAMPP/xamppfiles/htdocs/ea/lib/Cake/Model/Model.php(1321): Mysql->describe(Object(User))
#3 /Applications/XAMPP/xamppfiles/htdocs/ea/lib/Cake/View/Helper/FormHelper.php(199): Model->schema()
#4 /Applications/XAMPP/xamppfiles/htdocs/ea/lib/Cake/View/Helper/FormHelper.php(453): FormHelper->_introspectModel('User', 'fields')
#5 /Applications/XAMPP/xamppfiles/htdocs/ea/app/View/Users/login.ctp(2): FormHelper->create('User')
#6 /Applications/XAMPP/xamppfiles/htdocs/ea/lib/Cake/View/View.php(945): include('/Applications/X...')
#7 /Applications/XAMPP/xamppfiles/htdocs/ea/lib/Cake/View/View.php(907): View->_evaluate('/Applications/X...', Array)
#8 /Applications/XAMPP/xamppfiles/htdocs/ea/lib/Cake/View/View.php(471): View->_render('/Applications/X...')
#9 /Applications/XAMPP/xamppfiles/htdocs/ea/lib/Cake/Controller/Controller.php(948): View->render(NULL, NULL)
#10 /Applications/XAMPP/xamppfiles/htdocs/ea/lib/Cake/Routing/Dispatcher.php(194): Controller->render()
#11 /Applications/XAMPP/xamppfiles/htdocs/ea/lib/Cake/Routing/Dispatcher.php(162): Dispatcher->_invoke(Object(UsersController), Object(CakeRequest), Object(CakeResponse))
#12 /Applications/XAMPP/xamppfiles/htdocs/ea/app/webroot/index.php(111): Dispatcher->dispatch(Object(CakeRequest), Object(CakeResponse))
#13 {main}
2013-07-31 04:49:54 Error: [MissingControllerException] Controller class LogoutController could not be found.
Exception Attributes: array (
  'class' => 'LogoutController',
  'plugin' => NULL,
)
Request URL: /logout
Stack Trace:
#0 /Applications/XAMPP/xamppfiles/htdocs/ea/app/webroot/index.php(111): Dispatcher->dispatch(Object(CakeRequest), Object(CakeResponse))
#1 {main}
2013-07-31 05:47:24 Error: [NotFoundException] No Such Person
Request URL: /persons/edit/4
Stack Trace:
#0 [internal function]: PersonsController->edit('4')
#1 /Applications/XAMPP/xamppfiles/htdocs/ea/lib/Cake/Controller/Controller.php(486): ReflectionMethod->invokeArgs(Object(PersonsController), Array)
#2 /Applications/XAMPP/xamppfiles/htdocs/ea/lib/Cake/Routing/Dispatcher.php(187): Controller->invokeAction(Object(CakeRequest))
#3 /Applications/XAMPP/xamppfiles/htdocs/ea/lib/Cake/Routing/Dispatcher.php(162): Dispatcher->_invoke(Object(PersonsController), Object(CakeRequest), Object(CakeResponse))
#4 /Applications/XAMPP/xamppfiles/htdocs/ea/app/webroot/index.php(111): Dispatcher->dispatch(Object(CakeRequest), Object(CakeResponse))
#5 {main}
2013-07-31 07:13:25 Error: [MissingActionException] Action UsersController::css() could not be found.
Exception Attributes: array (
  'controller' => 'UsersController',
  'action' => 'css',
)
Request URL: /users/css/users/css/cake.generic.css
Stack Trace:
#0 /Applications/XAMPP/xamppfiles/htdocs/ea/lib/Cake/Routing/Dispatcher.php(187): Controller->invokeAction(Object(CakeRequest))
#1 /Applications/XAMPP/xamppfiles/htdocs/ea/lib/Cake/Routing/Dispatcher.php(162): Dispatcher->_invoke(Object(UsersController), Object(CakeRequest), Object(CakeResponse))
#2 /Applications/XAMPP/xamppfiles/htdocs/ea/app/webroot/index.php(111): Dispatcher->dispatch(Object(CakeRequest), Object(CakeResponse))
#3 {main}
2013-07-31 07:13:25 Error: [MissingActionException] Action UsersController::favicon.ico() could not be found.
Exception Attributes: array (
  'controller' => 'UsersController',
  'action' => 'favicon.ico',
)
Request URL: /users/users/favicon.ico
Stack Trace:
#0 /Applications/XAMPP/xamppfiles/htdocs/ea/lib/Cake/Routing/Dispatcher.php(187): Controller->invokeAction(Object(CakeRequest))
#1 /Applications/XAMPP/xamppfiles/htdocs/ea/lib/Cake/Routing/Dispatcher.php(162): Dispatcher->_invoke(Object(UsersController), Object(CakeRequest), Object(CakeResponse))
#2 /Applications/XAMPP/xamppfiles/htdocs/ea/app/webroot/index.php(111): Dispatcher->dispatch(Object(CakeRequest), Object(CakeResponse))
#3 {main}
2013-07-31 07:13:25 Error: [MissingActionException] Action UsersController::debug_kit() could not be found.
Exception Attributes: array (
  'controller' => 'UsersController',
  'action' => 'debug_kit',
)
Request URL: /users/debug_kit/css/users/debug_kit/css/debug_toolbar.css
Stack Trace:
#0 /Applications/XAMPP/xamppfiles/htdocs/ea/lib/Cake/Routing/Dispatcher.php(187): Controller->invokeAction(Object(CakeRequest))
#1 /Applications/XAMPP/xamppfiles/htdocs/ea/lib/Cake/Routing/Dispatcher.php(162): Dispatcher->_invoke(Object(UsersController), Object(CakeRequest), Object(CakeResponse))
#2 /Applications/XAMPP/xamppfiles/htdocs/ea/app/webroot/index.php(111): Dispatcher->dispatch(Object(CakeRequest), Object(CakeResponse))
#3 {main}
2013-07-31 07:13:25 Error: [MissingActionException] Action UsersController::favicon.ico() could not be found.
Exception Attributes: array (
  'controller' => 'UsersController',
  'action' => 'favicon.ico',
)
Request URL: /users/users/favicon.ico
Stack Trace:
#0 /Applications/XAMPP/xamppfiles/htdocs/ea/lib/Cake/Routing/Dispatcher.php(187): Controller->invokeAction(Object(CakeRequest))
#1 /Applications/XAMPP/xamppfiles/htdocs/ea/lib/Cake/Routing/Dispatcher.php(162): Dispatcher->_invoke(Object(UsersController), Object(CakeRequest), Object(CakeResponse))
#2 /Applications/XAMPP/xamppfiles/htdocs/ea/app/webroot/index.php(111): Dispatcher->dispatch(Object(CakeRequest), Object(CakeResponse))
#3 {main}
2013-07-31 07:13:25 Error: [MissingActionException] Action UsersController::debug_kit() could not be found.
Exception Attributes: array (
  'controller' => 'UsersController',
  'action' => 'debug_kit',
)
Request URL: /users/debug_kit/js/users/debug_kit/js/jquery.js
Stack Trace:
#0 /Applications/XAMPP/xamppfiles/htdocs/ea/lib/Cake/Routing/Dispatcher.php(187): Controller->invokeAction(Object(CakeRequest))
#1 /Applications/XAMPP/xamppfiles/htdocs/ea/lib/Cake/Routing/Dispatcher.php(162): Dispatcher->_invoke(Object(UsersController), Object(CakeRequest), Object(CakeResponse))
#2 /Applications/XAMPP/xamppfiles/htdocs/ea/app/webroot/index.php(111): Dispatcher->dispatch(Object(CakeRequest), Object(CakeResponse))
#3 {main}
2013-07-31 07:13:25 Error: [MissingActionException] Action UsersController::debug_kit() could not be found.
Exception Attributes: array (
  'controller' => 'UsersController',
  'action' => 'debug_kit',
)
Request URL: /users/debug_kit/img/users/debug_kit/img/cake.icon.png
Stack Trace:
#0 /Applications/XAMPP/xamppfiles/htdocs/ea/lib/Cake/Routing/Dispatcher.php(187): Controller->invokeAction(Object(CakeRequest))
#1 /Applications/XAMPP/xamppfiles/htdocs/ea/lib/Cake/Routing/Dispatcher.php(162): Dispatcher->_invoke(Object(UsersController), Object(CakeRequest), Object(CakeResponse))
#2 /Applications/XAMPP/xamppfiles/htdocs/ea/app/webroot/index.php(111): Dispatcher->dispatch(Object(CakeRequest), Object(CakeResponse))
#3 {main}
2013-07-31 07:13:26 Error: [MissingActionException] Action UsersController::debug_kit() could not be found.
Exception Attributes: array (
  'controller' => 'UsersController',
  'action' => 'debug_kit',
)
Request URL: /users/debug_kit/js/users/debug_kit/js/js_debug_toolbar.js
Stack Trace:
#0 /Applications/XAMPP/xamppfiles/htdocs/ea/lib/Cake/Routing/Dispatcher.php(187): Controller->invokeAction(Object(CakeRequest))
#1 /Applications/XAMPP/xamppfiles/htdocs/ea/lib/Cake/Routing/Dispatcher.php(162): Dispatcher->_invoke(Object(UsersController), Object(CakeRequest), Object(CakeResponse))
#2 /Applications/XAMPP/xamppfiles/htdocs/ea/app/webroot/index.php(111): Dispatcher->dispatch(Object(CakeRequest), Object(CakeResponse))
#3 {main}
2013-07-31 07:13:26 Error: [MissingActionException] Action UsersController::img() could not be found.
Exception Attributes: array (
  'controller' => 'UsersController',
  'action' => 'img',
)
Request URL: /users/img/users/img/cake.power.gif
Stack Trace:
#0 /Applications/XAMPP/xamppfiles/htdocs/ea/lib/Cake/Routing/Dispatcher.php(187): Controller->invokeAction(Object(CakeRequest))
#1 /Applications/XAMPP/xamppfiles/htdocs/ea/lib/Cake/Routing/Dispatcher.php(162): Dispatcher->_invoke(Object(UsersController), Object(CakeRequest), Object(CakeResponse))
#2 /Applications/XAMPP/xamppfiles/htdocs/ea/app/webroot/index.php(111): Dispatcher->dispatch(Object(CakeRequest), Object(CakeResponse))
#3 {main}
2013-07-31 07:13:26 Error: [MissingActionException] Action UsersController::debug_kit() could not be found.
Exception Attributes: array (
  'controller' => 'UsersController',
  'action' => 'debug_kit',
)
Request URL: /users/debug_kit/img/users/debug_kit/img/cake.icon.png
Stack Trace:
#0 /Applications/XAMPP/xamppfiles/htdocs/ea/lib/Cake/Routing/Dispatcher.php(187): Controller->invokeAction(Object(CakeRequest))
#1 /Applications/XAMPP/xamppfiles/htdocs/ea/lib/Cake/Routing/Dispatcher.php(162): Dispatcher->_invoke(Object(UsersController), Object(CakeRequest), Object(CakeResponse))
#2 /Applications/XAMPP/xamppfiles/htdocs/ea/app/webroot/index.php(111): Dispatcher->dispatch(Object(CakeRequest), Object(CakeResponse))
#3 {main}
2013-07-31 07:14:33 Error: [MissingActionException] Action UsersController::debug_kit() could not be found.
Exception Attributes: array (
  'controller' => 'UsersController',
  'action' => 'debug_kit',
)
Request URL: /users/debug_kit/css/users/debug_kit/css/debug_toolbar.css
Stack Trace:
#0 /Applications/XAMPP/xamppfiles/htdocs/ea/lib/Cake/Routing/Dispatcher.php(187): Controller->invokeAction(Object(CakeRequest))
#1 /Applications/XAMPP/xamppfiles/htdocs/ea/lib/Cake/Routing/Dispatcher.php(162): Dispatcher->_invoke(Object(UsersController), Object(CakeRequest), Object(CakeResponse))
#2 /Applications/XAMPP/xamppfiles/htdocs/ea/app/webroot/index.php(111): Dispatcher->dispatch(Object(CakeRequest), Object(CakeResponse))
#3 {main}
2013-07-31 07:14:33 Error: [MissingActionException] Action UsersController::css() could not be found.
Exception Attributes: array (
  'controller' => 'UsersController',
  'action' => 'css',
)
Request URL: /users/css/users/css/cake.generic.css
Stack Trace:
#0 /Applications/XAMPP/xamppfiles/htdocs/ea/lib/Cake/Routing/Dispatcher.php(187): Controller->invokeAction(Object(CakeRequest))
#1 /Applications/XAMPP/xamppfiles/htdocs/ea/lib/Cake/Routing/Dispatcher.php(162): Dispatcher->_invoke(Object(UsersController), Object(CakeRequest), Object(CakeResponse))
#2 /Applications/XAMPP/xamppfiles/htdocs/ea/app/webroot/index.php(111): Dispatcher->dispatch(Object(CakeRequest), Object(CakeResponse))
#3 {main}
2013-07-31 07:14:33 Error: [MissingActionException] Action UsersController::debug_kit() could not be found.
Exception Attributes: array (
  'controller' => 'UsersController',
  'action' => 'debug_kit',
)
Request URL: /users/debug_kit/img/users/debug_kit/img/cake.icon.png
Stack Trace:
#0 /Applications/XAMPP/xamppfiles/htdocs/ea/lib/Cake/Routing/Dispatcher.php(187): Controller->invokeAction(Object(CakeRequest))
#1 /Applications/XAMPP/xamppfiles/htdocs/ea/lib/Cake/Routing/Dispatcher.php(162): Dispatcher->_invoke(Object(UsersController), Object(CakeRequest), Object(CakeResponse))
#2 /Applications/XAMPP/xamppfiles/htdocs/ea/app/webroot/index.php(111): Dispatcher->dispatch(Object(CakeRequest), Object(CakeResponse))
#3 {main}
2013-07-31 07:14:33 Error: [MissingActionException] Action UsersController::img() could not be found.
Exception Attributes: array (
  'controller' => 'UsersController',
  'action' => 'img',
)
Request URL: /users/img/users/img/cake.power.gif
Stack Trace:
#0 /Applications/XAMPP/xamppfiles/htdocs/ea/lib/Cake/Routing/Dispatcher.php(187): Controller->invokeAction(Object(CakeRequest))
#1 /Applications/XAMPP/xamppfiles/htdocs/ea/lib/Cake/Routing/Dispatcher.php(162): Dispatcher->_invoke(Object(UsersController), Object(CakeRequest), Object(CakeResponse))
#2 /Applications/XAMPP/xamppfiles/htdocs/ea/app/webroot/index.php(111): Dispatcher->dispatch(Object(CakeRequest), Object(CakeResponse))
#3 {main}
2013-07-31 07:14:33 Error: [MissingActionException] Action UsersController::debug_kit() could not be found.
Exception Attributes: array (
  'controller' => 'UsersController',
  'action' => 'debug_kit',
)
Request URL: /users/debug_kit/js/users/debug_kit/js/jquery.js
Stack Trace:
#0 /Applications/XAMPP/xamppfiles/htdocs/ea/lib/Cake/Routing/Dispatcher.php(187): Controller->invokeAction(Object(CakeRequest))
#1 /Applications/XAMPP/xamppfiles/htdocs/ea/lib/Cake/Routing/Dispatcher.php(162): Dispatcher->_invoke(Object(UsersController), Object(CakeRequest), Object(CakeResponse))
#2 /Applications/XAMPP/xamppfiles/htdocs/ea/app/webroot/index.php(111): Dispatcher->dispatch(Object(CakeRequest), Object(CakeResponse))
#3 {main}
2013-07-31 07:14:33 Error: [MissingActionException] Action UsersController::debug_kit() could not be found.
Exception Attributes: array (
  'controller' => 'UsersController',
  'action' => 'debug_kit',
)
Request URL: /users/debug_kit/js/users/debug_kit/js/js_debug_toolbar.js
Stack Trace:
#0 /Applications/XAMPP/xamppfiles/htdocs/ea/lib/Cake/Routing/Dispatcher.php(187): Controller->invokeAction(Object(CakeRequest))
#1 /Applications/XAMPP/xamppfiles/htdocs/ea/lib/Cake/Routing/Dispatcher.php(162): Dispatcher->_invoke(Object(UsersController), Object(CakeRequest), Object(CakeResponse))
#2 /Applications/XAMPP/xamppfiles/htdocs/ea/app/webroot/index.php(111): Dispatcher->dispatch(Object(CakeRequest), Object(CakeResponse))
#3 {main}
2013-07-31 07:14:33 Error: [MissingActionException] Action UsersController::img() could not be found.
Exception Attributes: array (
  'controller' => 'UsersController',
  'action' => 'img',
)
Request URL: /users/img/users/img/cake.power.gif
Stack Trace:
#0 /Applications/XAMPP/xamppfiles/htdocs/ea/lib/Cake/Routing/Dispatcher.php(187): Controller->invokeAction(Object(CakeRequest))
#1 /Applications/XAMPP/xamppfiles/htdocs/ea/lib/Cake/Routing/Dispatcher.php(162): Dispatcher->_invoke(Object(UsersController), Object(CakeRequest), Object(CakeResponse))
#2 /Applications/XAMPP/xamppfiles/htdocs/ea/app/webroot/index.php(111): Dispatcher->dispatch(Object(CakeRequest), Object(CakeResponse))
#3 {main}
2013-07-31 07:14:34 Error: [MissingActionException] Action UsersController::debug_kit() could not be found.
Exception Attributes: array (
  'controller' => 'UsersController',
  'action' => 'debug_kit',
)
Request URL: /users/debug_kit/img/users/debug_kit/img/cake.icon.png
Stack Trace:
#0 /Applications/XAMPP/xamppfiles/htdocs/ea/lib/Cake/Routing/Dispatcher.php(187): Controller->invokeAction(Object(CakeRequest))
#1 /Applications/XAMPP/xamppfiles/htdocs/ea/lib/Cake/Routing/Dispatcher.php(162): Dispatcher->_invoke(Object(UsersController), Object(CakeRequest), Object(CakeResponse))
#2 /Applications/XAMPP/xamppfiles/htdocs/ea/app/webroot/index.php(111): Dispatcher->dispatch(Object(CakeRequest), Object(CakeResponse))
#3 {main}
2013-07-31 07:14:46 Error: [MissingActionException] Action UsersController::css() could not be found.
Exception Attributes: array (
  'controller' => 'UsersController',
  'action' => 'css',
)
Request URL: /users/css/users/css/cake.generic.css
Stack Trace:
#0 /Applications/XAMPP/xamppfiles/htdocs/ea/lib/Cake/Routing/Dispatcher.php(187): Controller->invokeAction(Object(CakeRequest))
#1 /Applications/XAMPP/xamppfiles/htdocs/ea/lib/Cake/Routing/Dispatcher.php(162): Dispatcher->_invoke(Object(UsersController), Object(CakeRequest), Object(CakeResponse))
#2 /Applications/XAMPP/xamppfiles/htdocs/ea/app/webroot/index.php(111): Dispatcher->dispatch(Object(CakeRequest), Object(CakeResponse))
#3 {main}
2013-07-31 07:14:46 Error: [MissingActionException] Action UsersController::debug_kit() could not be found.
Exception Attributes: array (
  'controller' => 'UsersController',
  'action' => 'debug_kit',
)
Request URL: /users/debug_kit/css/users/debug_kit/css/debug_toolbar.css
Stack Trace:
#0 /Applications/XAMPP/xamppfiles/htdocs/ea/lib/Cake/Routing/Dispatcher.php(187): Controller->invokeAction(Object(CakeRequest))
#1 /Applications/XAMPP/xamppfiles/htdocs/ea/lib/Cake/Routing/Dispatcher.php(162): Dispatcher->_invoke(Object(UsersController), Object(CakeRequest), Object(CakeResponse))
#2 /Applications/XAMPP/xamppfiles/htdocs/ea/app/webroot/index.php(111): Dispatcher->dispatch(Object(CakeRequest), Object(CakeResponse))
#3 {main}
2013-07-31 07:14:46 Error: [MissingActionException] Action UsersController::img() could not be found.
Exception Attributes: array (
  'controller' => 'UsersController',
  'action' => 'img',
)
Request URL: /users/img/users/img/cake.power.gif
Stack Trace:
#0 /Applications/XAMPP/xamppfiles/htdocs/ea/lib/Cake/Routing/Dispatcher.php(187): Controller->invokeAction(Object(CakeRequest))
#1 /Applications/XAMPP/xamppfiles/htdocs/ea/lib/Cake/Routing/Dispatcher.php(162): Dispatcher->_invoke(Object(UsersController), Object(CakeRequest), Object(CakeResponse))
#2 /Applications/XAMPP/xamppfiles/htdocs/ea/app/webroot/index.php(111): Dispatcher->dispatch(Object(CakeRequest), Object(CakeResponse))
#3 {main}
2013-07-31 07:14:46 Error: [MissingActionException] Action UsersController::debug_kit() could not be found.
Exception Attributes: array (
  'controller' => 'UsersController',
  'action' => 'debug_kit',
)
Request URL: /users/debug_kit/js/users/debug_kit/js/js_debug_toolbar.js
Stack Trace:
#0 /Applications/XAMPP/xamppfiles/htdocs/ea/lib/Cake/Routing/Dispatcher.php(187): Controller->invokeAction(Object(CakeRequest))
#1 /Applications/XAMPP/xamppfiles/htdocs/ea/lib/Cake/Routing/Dispatcher.php(162): Dispatcher->_invoke(Object(UsersController), Object(CakeRequest), Object(CakeResponse))
#2 /Applications/XAMPP/xamppfiles/htdocs/ea/app/webroot/index.php(111): Dispatcher->dispatch(Object(CakeRequest), Object(CakeResponse))
#3 {main}
2013-07-31 07:14:46 Error: [MissingActionException] Action UsersController::debug_kit() could not be found.
Exception Attributes: array (
  'controller' => 'UsersController',
  'action' => 'debug_kit',
)
Request URL: /users/debug_kit/img/users/debug_kit/img/cake.icon.png
Stack Trace:
#0 /Applications/XAMPP/xamppfiles/htdocs/ea/lib/Cake/Routing/Dispatcher.php(187): Controller->invokeAction(Object(CakeRequest))
#1 /Applications/XAMPP/xamppfiles/htdocs/ea/lib/Cake/Routing/Dispatcher.php(162): Dispatcher->_invoke(Object(UsersController), Object(CakeRequest), Object(CakeResponse))
#2 /Applications/XAMPP/xamppfiles/htdocs/ea/app/webroot/index.php(111): Dispatcher->dispatch(Object(CakeRequest), Object(CakeResponse))
#3 {main}
2013-07-31 07:14:46 Error: [MissingActionException] Action UsersController::debug_kit() could not be found.
Exception Attributes: array (
  'controller' => 'UsersController',
  'action' => 'debug_kit',
)
Request URL: /users/debug_kit/js/users/debug_kit/js/jquery.js
Stack Trace:
#0 /Applications/XAMPP/xamppfiles/htdocs/ea/lib/Cake/Routing/Dispatcher.php(187): Controller->invokeAction(Object(CakeRequest))
#1 /Applications/XAMPP/xamppfiles/htdocs/ea/lib/Cake/Routing/Dispatcher.php(162): Dispatcher->_invoke(Object(UsersController), Object(CakeRequest), Object(CakeResponse))
#2 /Applications/XAMPP/xamppfiles/htdocs/ea/app/webroot/index.php(111): Dispatcher->dispatch(Object(CakeRequest), Object(CakeResponse))
#3 {main}
2013-07-31 07:14:46 Error: [MissingActionException] Action UsersController::debug_kit() could not be found.
Exception Attributes: array (
  'controller' => 'UsersController',
  'action' => 'debug_kit',
)
Request URL: /users/debug_kit/js/users/debug_kit/js/js_debug_toolbar.js
Stack Trace:
#0 /Applications/XAMPP/xamppfiles/htdocs/ea/lib/Cake/Routing/Dispatcher.php(187): Controller->invokeAction(Object(CakeRequest))
#1 /Applications/XAMPP/xamppfiles/htdocs/ea/lib/Cake/Routing/Dispatcher.php(162): Dispatcher->_invoke(Object(UsersController), Object(CakeRequest), Object(CakeResponse))
#2 /Applications/XAMPP/xamppfiles/htdocs/ea/app/webroot/index.php(111): Dispatcher->dispatch(Object(CakeRequest), Object(CakeResponse))
#3 {main}
2013-07-31 07:14:46 Error: [MissingActionException] Action UsersController::img() could not be found.
Exception Attributes: array (
  'controller' => 'UsersController',
  'action' => 'img',
)
Request URL: /users/img/users/img/cake.power.gif
Stack Trace:
#0 /Applications/XAMPP/xamppfiles/htdocs/ea/lib/Cake/Routing/Dispatcher.php(187): Controller->invokeAction(Object(CakeRequest))
#1 /Applications/XAMPP/xamppfiles/htdocs/ea/lib/Cake/Routing/Dispatcher.php(162): Dispatcher->_invoke(Object(UsersController), Object(CakeRequest), Object(CakeResponse))
#2 /Applications/XAMPP/xamppfiles/htdocs/ea/app/webroot/index.php(111): Dispatcher->dispatch(Object(CakeRequest), Object(CakeResponse))
#3 {main}
2013-07-31 07:14:46 Error: [MissingActionException] Action UsersController::debug_kit() could not be found.
Exception Attributes: array (
  'controller' => 'UsersController',
  'action' => 'debug_kit',
)
Request URL: /users/debug_kit/img/users/debug_kit/img/cake.icon.png
Stack Trace:
#0 /Applications/XAMPP/xamppfiles/htdocs/ea/lib/Cake/Routing/Dispatcher.php(187): Controller->invokeAction(Object(CakeRequest))
#1 /Applications/XAMPP/xamppfiles/htdocs/ea/lib/Cake/Routing/Dispatcher.php(162): Dispatcher->_invoke(Object(UsersController), Object(CakeRequest), Object(CakeResponse))
#2 /Applications/XAMPP/xamppfiles/htdocs/ea/app/webroot/index.php(111): Dispatcher->dispatch(Object(CakeRequest), Object(CakeResponse))
#3 {main}
2013-07-31 07:14:53 Error: [MissingActionException] Action UsersController::css() could not be found.
Exception Attributes: array (
  'controller' => 'UsersController',
  'action' => 'css',
)
Request URL: /users/css/users/css/cake.generic.css
Stack Trace:
#0 /Applications/XAMPP/xamppfiles/htdocs/ea/lib/Cake/Routing/Dispatcher.php(187): Controller->invokeAction(Object(CakeRequest))
#1 /Applications/XAMPP/xamppfiles/htdocs/ea/lib/Cake/Routing/Dispatcher.php(162): Dispatcher->_invoke(Object(UsersController), Object(CakeRequest), Object(CakeResponse))
#2 /Applications/XAMPP/xamppfiles/htdocs/ea/app/webroot/index.php(111): Dispatcher->dispatch(Object(CakeRequest), Object(CakeResponse))
#3 {main}
2013-07-31 07:14:53 Error: [MissingActionException] Action UsersController::debug_kit() could not be found.
Exception Attributes: array (
  'controller' => 'UsersController',
  'action' => 'debug_kit',
)
Request URL: /users/debug_kit/css/users/debug_kit/css/debug_toolbar.css
Stack Trace:
#0 /Applications/XAMPP/xamppfiles/htdocs/ea/lib/Cake/Routing/Dispatcher.php(187): Controller->invokeAction(Object(CakeRequest))
#1 /Applications/XAMPP/xamppfiles/htdocs/ea/lib/Cake/Routing/Dispatcher.php(162): Dispatcher->_invoke(Object(UsersController), Object(CakeRequest), Object(CakeResponse))
#2 /Applications/XAMPP/xamppfiles/htdocs/ea/app/webroot/index.php(111): Dispatcher->dispatch(Object(CakeRequest), Object(CakeResponse))
#3 {main}
2013-07-31 07:14:53 Error: [MissingActionException] Action UsersController::debug_kit() could not be found.
Exception Attributes: array (
  'controller' => 'UsersController',
  'action' => 'debug_kit',
)
Request URL: /users/debug_kit/js/users/debug_kit/js/jquery.js
Stack Trace:
#0 /Applications/XAMPP/xamppfiles/htdocs/ea/lib/Cake/Routing/Dispatcher.php(187): Controller->invokeAction(Object(CakeRequest))
#1 /Applications/XAMPP/xamppfiles/htdocs/ea/lib/Cake/Routing/Dispatcher.php(162): Dispatcher->_invoke(Object(UsersController), Object(CakeRequest), Object(CakeResponse))
#2 /Applications/XAMPP/xamppfiles/htdocs/ea/app/webroot/index.php(111): Dispatcher->dispatch(Object(CakeRequest), Object(CakeResponse))
#3 {main}
2013-07-31 07:14:53 Error: [MissingActionException] Action UsersController::debug_kit() could not be found.
Exception Attributes: array (
  'controller' => 'UsersController',
  'action' => 'debug_kit',
)
Request URL: /users/debug_kit/img/users/debug_kit/img/cake.icon.png
Stack Trace:
#0 /Applications/XAMPP/xamppfiles/htdocs/ea/lib/Cake/Routing/Dispatcher.php(187): Controller->invokeAction(Object(CakeRequest))
#1 /Applications/XAMPP/xamppfiles/htdocs/ea/lib/Cake/Routing/Dispatcher.php(162): Dispatcher->_invoke(Object(UsersController), Object(CakeRequest), Object(CakeResponse))
#2 /Applications/XAMPP/xamppfiles/htdocs/ea/app/webroot/index.php(111): Dispatcher->dispatch(Object(CakeRequest), Object(CakeResponse))
#3 {main}
2013-07-31 07:14:53 Error: [MissingActionException] Action UsersController::debug_kit() could not be found.
Exception Attributes: array (
  'controller' => 'UsersController',
  'action' => 'debug_kit',
)
Request URL: /users/debug_kit/js/users/debug_kit/js/js_debug_toolbar.js
Stack Trace:
#0 /Applications/XAMPP/xamppfiles/htdocs/ea/lib/Cake/Routing/Dispatcher.php(187): Controller->invokeAction(Object(CakeRequest))
#1 /Applications/XAMPP/xamppfiles/htdocs/ea/lib/Cake/Routing/Dispatcher.php(162): Dispatcher->_invoke(Object(UsersController), Object(CakeRequest), Object(CakeResponse))
#2 /Applications/XAMPP/xamppfiles/htdocs/ea/app/webroot/index.php(111): Dispatcher->dispatch(Object(CakeRequest), Object(CakeResponse))
#3 {main}
2013-07-31 07:14:53 Error: [MissingActionException] Action UsersController::img() could not be found.
Exception Attributes: array (
  'controller' => 'UsersController',
  'action' => 'img',
)
Request URL: /users/img/users/img/cake.power.gif
Stack Trace:
#0 /Applications/XAMPP/xamppfiles/htdocs/ea/lib/Cake/Routing/Dispatcher.php(187): Controller->invokeAction(Object(CakeRequest))
#1 /Applications/XAMPP/xamppfiles/htdocs/ea/lib/Cake/Routing/Dispatcher.php(162): Dispatcher->_invoke(Object(UsersController), Object(CakeRequest), Object(CakeResponse))
#2 /Applications/XAMPP/xamppfiles/htdocs/ea/app/webroot/index.php(111): Dispatcher->dispatch(Object(CakeRequest), Object(CakeResponse))
#3 {main}
2013-07-31 07:14:53 Error: [MissingActionException] Action UsersController::debug_kit() could not be found.
Exception Attributes: array (
  'controller' => 'UsersController',
  'action' => 'debug_kit',
)
Request URL: /users/debug_kit/img/users/debug_kit/img/cake.icon.png
Stack Trace:
#0 /Applications/XAMPP/xamppfiles/htdocs/ea/lib/Cake/Routing/Dispatcher.php(187): Controller->invokeAction(Object(CakeRequest))
#1 /Applications/XAMPP/xamppfiles/htdocs/ea/lib/Cake/Routing/Dispatcher.php(162): Dispatcher->_invoke(Object(UsersController), Object(CakeRequest), Object(CakeResponse))
#2 /Applications/XAMPP/xamppfiles/htdocs/ea/app/webroot/index.php(111): Dispatcher->dispatch(Object(CakeRequest), Object(CakeResponse))
#3 {main}
2013-07-31 07:15:36 Error: [MissingActionException] Action UsersController::users() could not be found.
Exception Attributes: array (
  'controller' => 'UsersController',
  'action' => 'users',
)
Request URL: /users/users/users/users/login
Stack Trace:
#0 /Applications/XAMPP/xamppfiles/htdocs/ea/lib/Cake/Routing/Dispatcher.php(187): Controller->invokeAction(Object(CakeRequest))
#1 /Applications/XAMPP/xamppfiles/htdocs/ea/lib/Cake/Routing/Dispatcher.php(162): Dispatcher->_invoke(Object(UsersController), Object(CakeRequest), Object(CakeResponse))
#2 /Applications/XAMPP/xamppfiles/htdocs/ea/app/webroot/index.php(111): Dispatcher->dispatch(Object(CakeRequest), Object(CakeResponse))
#3 {main}
2013-07-31 07:15:37 Error: [MissingActionException] Action UsersController::users() could not be found.
Exception Attributes: array (
  'controller' => 'UsersController',
  'action' => 'users',
)
Request URL: /users/users/debug_kit/js/users/users/debug_kit/js/js_debug_toolbar.js
Stack Trace:
#0 /Applications/XAMPP/xamppfiles/htdocs/ea/lib/Cake/Routing/Dispatcher.php(187): Controller->invokeAction(Object(CakeRequest))
#1 /Applications/XAMPP/xamppfiles/htdocs/ea/lib/Cake/Routing/Dispatcher.php(162): Dispatcher->_invoke(Object(UsersController), Object(CakeRequest), Object(CakeResponse))
#2 /Applications/XAMPP/xamppfiles/htdocs/ea/app/webroot/index.php(111): Dispatcher->dispatch(Object(CakeRequest), Object(CakeResponse))
#3 {main}
2013-07-31 07:15:37 Error: [MissingActionException] Action UsersController::users() could not be found.
Exception Attributes: array (
  'controller' => 'UsersController',
  'action' => 'users',
)
Request URL: /users/users/css/users/users/css/cake.generic.css
Stack Trace:
#0 /Applications/XAMPP/xamppfiles/htdocs/ea/lib/Cake/Routing/Dispatcher.php(187): Controller->invokeAction(Object(CakeRequest))
#1 /Applications/XAMPP/xamppfiles/htdocs/ea/lib/Cake/Routing/Dispatcher.php(162): Dispatcher->_invoke(Object(UsersController), Object(CakeRequest), Object(CakeResponse))
#2 /Applications/XAMPP/xamppfiles/htdocs/ea/app/webroot/index.php(111): Dispatcher->dispatch(Object(CakeRequest), Object(CakeResponse))
#3 {main}
2013-07-31 07:15:37 Error: [MissingActionException] Action UsersController::users() could not be found.
Exception Attributes: array (
  'controller' => 'UsersController',
  'action' => 'users',
)
Request URL: /users/users/debug_kit/css/users/users/debug_kit/css/debug_toolbar.css
Stack Trace:
#0 /Applications/XAMPP/xamppfiles/htdocs/ea/lib/Cake/Routing/Dispatcher.php(187): Controller->invokeAction(Object(CakeRequest))
#1 /Applications/XAMPP/xamppfiles/htdocs/ea/lib/Cake/Routing/Dispatcher.php(162): Dispatcher->_invoke(Object(UsersController), Object(CakeRequest), Object(CakeResponse))
#2 /Applications/XAMPP/xamppfiles/htdocs/ea/app/webroot/index.php(111): Dispatcher->dispatch(Object(CakeRequest), Object(CakeResponse))
#3 {main}
2013-07-31 07:15:37 Error: [MissingActionException] Action UsersController::users() could not be found.
Exception Attributes: array (
  'controller' => 'UsersController',
  'action' => 'users',
)
Request URL: /users/users/users/users/favicon.ico
Stack Trace:
#0 /Applications/XAMPP/xamppfiles/htdocs/ea/lib/Cake/Routing/Dispatcher.php(187): Controller->invokeAction(Object(CakeRequest))
#1 /Applications/XAMPP/xamppfiles/htdocs/ea/lib/Cake/Routing/Dispatcher.php(162): Dispatcher->_invoke(Object(UsersController), Object(CakeRequest), Object(CakeResponse))
#2 /Applications/XAMPP/xamppfiles/htdocs/ea/app/webroot/index.php(111): Dispatcher->dispatch(Object(CakeRequest), Object(CakeResponse))
#3 {main}
2013-07-31 07:15:37 Error: [MissingActionException] Action UsersController::users() could not be found.
Exception Attributes: array (
  'controller' => 'UsersController',
  'action' => 'users',
)
Request URL: /users/users/debug_kit/js/users/users/debug_kit/js/jquery.js
Stack Trace:
#0 /Applications/XAMPP/xamppfiles/htdocs/ea/lib/Cake/Routing/Dispatcher.php(187): Controller->invokeAction(Object(CakeRequest))
#1 /Applications/XAMPP/xamppfiles/htdocs/ea/lib/Cake/Routing/Dispatcher.php(162): Dispatcher->_invoke(Object(UsersController), Object(CakeRequest), Object(CakeResponse))
#2 /Applications/XAMPP/xamppfiles/htdocs/ea/app/webroot/index.php(111): Dispatcher->dispatch(Object(CakeRequest), Object(CakeResponse))
#3 {main}
2013-07-31 07:15:37 Error: [MissingActionException] Action UsersController::users() could not be found.
Exception Attributes: array (
  'controller' => 'UsersController',
  'action' => 'users',
)
Request URL: /users/users/users/users/favicon.ico
Stack Trace:
#0 /Applications/XAMPP/xamppfiles/htdocs/ea/lib/Cake/Routing/Dispatcher.php(187): Controller->invokeAction(Object(CakeRequest))
#1 /Applications/XAMPP/xamppfiles/htdocs/ea/lib/Cake/Routing/Dispatcher.php(162): Dispatcher->_invoke(Object(UsersController), Object(CakeRequest), Object(CakeResponse))
#2 /Applications/XAMPP/xamppfiles/htdocs/ea/app/webroot/index.php(111): Dispatcher->dispatch(Object(CakeRequest), Object(CakeResponse))
#3 {main}
2013-07-31 07:15:37 Error: [MissingActionException] Action UsersController::users() could not be found.
Exception Attributes: array (
  'controller' => 'UsersController',
  'action' => 'users',
)
Request URL: /users/users/img/users/users/img/cake.power.gif
Stack Trace:
#0 /Applications/XAMPP/xamppfiles/htdocs/ea/lib/Cake/Routing/Dispatcher.php(187): Controller->invokeAction(Object(CakeRequest))
#1 /Applications/XAMPP/xamppfiles/htdocs/ea/lib/Cake/Routing/Dispatcher.php(162): Dispatcher->_invoke(Object(UsersController), Object(CakeRequest), Object(CakeResponse))
#2 /Applications/XAMPP/xamppfiles/htdocs/ea/app/webroot/index.php(111): Dispatcher->dispatch(Object(CakeRequest), Object(CakeResponse))
#3 {main}
2013-07-31 07:15:37 Error: [MissingActionException] Action UsersController::users() could not be found.
Exception Attributes: array (
  'controller' => 'UsersController',
  'action' => 'users',
)
Request URL: /users/users/debug_kit/img/users/users/debug_kit/img/cake.icon.png
Stack Trace:
#0 /Applications/XAMPP/xamppfiles/htdocs/ea/lib/Cake/Routing/Dispatcher.php(187): Controller->invokeAction(Object(CakeRequest))
#1 /Applications/XAMPP/xamppfiles/htdocs/ea/lib/Cake/Routing/Dispatcher.php(162): Dispatcher->_invoke(Object(UsersController), Object(CakeRequest), Object(CakeResponse))
#2 /Applications/XAMPP/xamppfiles/htdocs/ea/app/webroot/index.php(111): Dispatcher->dispatch(Object(CakeRequest), Object(CakeResponse))
#3 {main}
2013-07-31 07:15:37 Error: [MissingActionException] Action UsersController::users() could not be found.
Exception Attributes: array (
  'controller' => 'UsersController',
  'action' => 'users',
)
Request URL: /users/users/debug_kit/js/users/users/debug_kit/js/js_debug_toolbar.js
Stack Trace:
#0 /Applications/XAMPP/xamppfiles/htdocs/ea/lib/Cake/Routing/Dispatcher.php(187): Controller->invokeAction(Object(CakeRequest))
#1 /Applications/XAMPP/xamppfiles/htdocs/ea/lib/Cake/Routing/Dispatcher.php(162): Dispatcher->_invoke(Object(UsersController), Object(CakeRequest), Object(CakeResponse))
#2 /Applications/XAMPP/xamppfiles/htdocs/ea/app/webroot/index.php(111): Dispatcher->dispatch(Object(CakeRequest), Object(CakeResponse))
#3 {main}
2013-07-31 07:15:37 Error: [MissingActionException] Action UsersController::users() could not be found.
Exception Attributes: array (
  'controller' => 'UsersController',
  'action' => 'users',
)
Request URL: /users/users/img/users/users/img/cake.power.gif
Stack Trace:
#0 /Applications/XAMPP/xamppfiles/htdocs/ea/lib/Cake/Routing/Dispatcher.php(187): Controller->invokeAction(Object(CakeRequest))
#1 /Applications/XAMPP/xamppfiles/htdocs/ea/lib/Cake/Routing/Dispatcher.php(162): Dispatcher->_invoke(Object(UsersController), Object(CakeRequest), Object(CakeResponse))
#2 /Applications/XAMPP/xamppfiles/htdocs/ea/app/webroot/index.php(111): Dispatcher->dispatch(Object(CakeRequest), Object(CakeResponse))
#3 {main}
2013-07-31 07:15:37 Error: [MissingActionException] Action UsersController::users() could not be found.
Exception Attributes: array (
  'controller' => 'UsersController',
  'action' => 'users',
)
Request URL: /users/users/debug_kit/img/users/users/debug_kit/img/cake.icon.png
Stack Trace:
#0 /Applications/XAMPP/xamppfiles/htdocs/ea/lib/Cake/Routing/Dispatcher.php(187): Controller->invokeAction(Object(CakeRequest))
#1 /Applications/XAMPP/xamppfiles/htdocs/ea/lib/Cake/Routing/Dispatcher.php(162): Dispatcher->_invoke(Object(UsersController), Object(CakeRequest), Object(CakeResponse))
#2 /Applications/XAMPP/xamppfiles/htdocs/ea/app/webroot/index.php(111): Dispatcher->dispatch(Object(CakeRequest), Object(CakeResponse))
#3 {main}
2013-07-31 07:16:26 Error: [MissingActionException] Action UsersController::css() could not be found.
Exception Attributes: array (
  'controller' => 'UsersController',
  'action' => 'css',
)
Request URL: /users/css/users/css/cake.generic.css
Stack Trace:
#0 /Applications/XAMPP/xamppfiles/htdocs/ea/lib/Cake/Routing/Dispatcher.php(187): Controller->invokeAction(Object(CakeRequest))
#1 /Applications/XAMPP/xamppfiles/htdocs/ea/lib/Cake/Routing/Dispatcher.php(162): Dispatcher->_invoke(Object(UsersController), Object(CakeRequest), Object(CakeResponse))
#2 /Applications/XAMPP/xamppfiles/htdocs/ea/app/webroot/index.php(111): Dispatcher->dispatch(Object(CakeRequest), Object(CakeResponse))
#3 {main}
2013-07-31 07:16:26 Error: [MissingActionException] Action UsersController::debug_kit() could not be found.
Exception Attributes: array (
  'controller' => 'UsersController',
  'action' => 'debug_kit',
)
Request URL: /users/debug_kit/css/users/debug_kit/css/debug_toolbar.css
Stack Trace:
#0 /Applications/XAMPP/xamppfiles/htdocs/ea/lib/Cake/Routing/Dispatcher.php(187): Controller->invokeAction(Object(CakeRequest))
#1 /Applications/XAMPP/xamppfiles/htdocs/ea/lib/Cake/Routing/Dispatcher.php(162): Dispatcher->_invoke(Object(UsersController), Object(CakeRequest), Object(CakeResponse))
#2 /Applications/XAMPP/xamppfiles/htdocs/ea/app/webroot/index.php(111): Dispatcher->dispatch(Object(CakeRequest), Object(CakeResponse))
#3 {main}
2013-07-31 07:16:26 Error: [MissingActionException] Action UsersController::img() could not be found.
Exception Attributes: array (
  'controller' => 'UsersController',
  'action' => 'img',
)
Request URL: /users/img/users/img/cake.power.gif
Stack Trace:
#0 /Applications/XAMPP/xamppfiles/htdocs/ea/lib/Cake/Routing/Dispatcher.php(187): Controller->invokeAction(Object(CakeRequest))
#1 /Applications/XAMPP/xamppfiles/htdocs/ea/lib/Cake/Routing/Dispatcher.php(162): Dispatcher->_invoke(Object(UsersController), Object(CakeRequest), Object(CakeResponse))
#2 /Applications/XAMPP/xamppfiles/htdocs/ea/app/webroot/index.php(111): Dispatcher->dispatch(Object(CakeRequest), Object(CakeResponse))
#3 {main}
2013-07-31 07:16:26 Error: [MissingActionException] Action UsersController::debug_kit() could not be found.
Exception Attributes: array (
  'controller' => 'UsersController',
  'action' => 'debug_kit',
)
Request URL: /users/debug_kit/img/users/debug_kit/img/cake.icon.png
Stack Trace:
#0 /Applications/XAMPP/xamppfiles/htdocs/ea/lib/Cake/Routing/Dispatcher.php(187): Controller->invokeAction(Object(CakeRequest))
#1 /Applications/XAMPP/xamppfiles/htdocs/ea/lib/Cake/Routing/Dispatcher.php(162): Dispatcher->_invoke(Object(UsersController), Object(CakeRequest), Object(CakeResponse))
#2 /Applications/XAMPP/xamppfiles/htdocs/ea/app/webroot/index.php(111): Dispatcher->dispatch(Object(CakeRequest), Object(CakeResponse))
#3 {main}
2013-07-31 07:16:26 Error: [MissingActionException] Action UsersController::debug_kit() could not be found.
Exception Attributes: array (
  'controller' => 'UsersController',
  'action' => 'debug_kit',
)
Request URL: /users/debug_kit/js/users/debug_kit/js/jquery.js
Stack Trace:
#0 /Applications/XAMPP/xamppfiles/htdocs/ea/lib/Cake/Routing/Dispatcher.php(187): Controller->invokeAction(Object(CakeRequest))
#1 /Applications/XAMPP/xamppfiles/htdocs/ea/lib/Cake/Routing/Dispatcher.php(162): Dispatcher->_invoke(Object(UsersController), Object(CakeRequest), Object(CakeResponse))
#2 /Applications/XAMPP/xamppfiles/htdocs/ea/app/webroot/index.php(111): Dispatcher->dispatch(Object(CakeRequest), Object(CakeResponse))
#3 {main}
2013-07-31 07:16:26 Error: [MissingActionException] Action UsersController::debug_kit() could not be found.
Exception Attributes: array (
  'controller' => 'UsersController',
  'action' => 'debug_kit',
)
Request URL: /users/debug_kit/js/users/debug_kit/js/js_debug_toolbar.js
Stack Trace:
#0 /Applications/XAMPP/xamppfiles/htdocs/ea/lib/Cake/Routing/Dispatcher.php(187): Controller->invokeAction(Object(CakeRequest))
#1 /Applications/XAMPP/xamppfiles/htdocs/ea/lib/Cake/Routing/Dispatcher.php(162): Dispatcher->_invoke(Object(UsersController), Object(CakeRequest), Object(CakeResponse))
#2 /Applications/XAMPP/xamppfiles/htdocs/ea/app/webroot/index.php(111): Dispatcher->dispatch(Object(CakeRequest), Object(CakeResponse))
#3 {main}
2013-07-31 07:16:27 Error: [MissingActionException] Action UsersController::img() could not be found.
Exception Attributes: array (
  'controller' => 'UsersController',
  'action' => 'img',
)
Request URL: /users/img/users/img/cake.power.gif
Stack Trace:
#0 /Applications/XAMPP/xamppfiles/htdocs/ea/lib/Cake/Routing/Dispatcher.php(187): Controller->invokeAction(Object(CakeRequest))
#1 /Applications/XAMPP/xamppfiles/htdocs/ea/lib/Cake/Routing/Dispatcher.php(162): Dispatcher->_invoke(Object(UsersController), Object(CakeRequest), Object(CakeResponse))
#2 /Applications/XAMPP/xamppfiles/htdocs/ea/app/webroot/index.php(111): Dispatcher->dispatch(Object(CakeRequest), Object(CakeResponse))
#3 {main}
2013-07-31 07:16:27 Error: [MissingActionException] Action UsersController::debug_kit() could not be found.
Exception Attributes: array (
  'controller' => 'UsersController',
  'action' => 'debug_kit',
)
Request URL: /users/debug_kit/img/users/debug_kit/img/cake.icon.png
Stack Trace:
#0 /Applications/XAMPP/xamppfiles/htdocs/ea/lib/Cake/Routing/Dispatcher.php(187): Controller->invokeAction(Object(CakeRequest))
#1 /Applications/XAMPP/xamppfiles/htdocs/ea/lib/Cake/Routing/Dispatcher.php(162): Dispatcher->_invoke(Object(UsersController), Object(CakeRequest), Object(CakeResponse))
#2 /Applications/XAMPP/xamppfiles/htdocs/ea/app/webroot/index.php(111): Dispatcher->dispatch(Object(CakeRequest), Object(CakeResponse))
#3 {main}
2013-07-31 17:44:20 Error: [PDOException] SQLSTATE[42S22]: Column not found: 1054 Unknown column 'Organization.Organization' in 'field list'
Request URL: /organizations/edit/15/1
Stack Trace:
#0 /Applications/XAMPP/xamppfiles/htdocs/ea/lib/Cake/Model/Datasource/DboSource.php(460): PDOStatement->execute(Array)
#1 /Applications/XAMPP/xamppfiles/htdocs/ea/lib/Cake/Model/Datasource/DboSource.php(426): DboSource->_execute('UPDATE `eaAddre...', Array)
#2 /Applications/XAMPP/xamppfiles/htdocs/ea/lib/Cake/Model/Datasource/Database/Mysql.php(382): DboSource->execute('UPDATE `eaAddre...')
#3 /Applications/XAMPP/xamppfiles/htdocs/ea/lib/Cake/Model/Model.php(2380): Mysql->update(Object(Organization), Array, NULL, true)
#4 /Applications/XAMPP/xamppfiles/htdocs/ea/app/Controller/OrganizationsController.php(48): Model->updateAll(Array)
#5 [internal function]: OrganizationsController->edit('15', '1')
#6 /Applications/XAMPP/xamppfiles/htdocs/ea/lib/Cake/Controller/Controller.php(486): ReflectionMethod->invokeArgs(Object(OrganizationsController), Array)
#7 /Applications/XAMPP/xamppfiles/htdocs/ea/lib/Cake/Routing/Dispatcher.php(187): Controller->invokeAction(Object(CakeRequest))
#8 /Applications/XAMPP/xamppfiles/htdocs/ea/lib/Cake/Routing/Dispatcher.php(162): Dispatcher->_invoke(Object(OrganizationsController), Object(CakeRequest), Object(CakeResponse))
#9 /Applications/XAMPP/xamppfiles/htdocs/ea/app/webroot/index.php(111): Dispatcher->dispatch(Object(CakeRequest), Object(CakeResponse))
#10 {main}
2013-07-31 18:36:09 Error: Fatal Error (1): Call to a member function save() on a non-object in [/Applications/XAMPP/xamppfiles/htdocs/ea/app/Controller/OrganizationsController.php, line 48]
2013-07-31 18:36:09 Error: [FatalErrorException] Call to a member function save() on a non-object
Request URL: /organizations/edit/15/1
Stack Trace:
#0 /Applications/XAMPP/xamppfiles/htdocs/ea/lib/Cake/Error/ErrorHandler.php(184): ErrorHandler::handleFatalError(1, 'Call to a membe...', '/Applications/X...', 48)
#1 [internal function]: ErrorHandler::handleError(1, 'Call to a membe...', '/Applications/X...', 48, Array)
#2 /Applications/XAMPP/xamppfiles/htdocs/ea/lib/Cake/Core/App.php(931): call_user_func('ErrorHandler::h...', 1, 'Call to a membe...', '/Applications/X...', 48, Array)
#3 /Applications/XAMPP/xamppfiles/htdocs/ea/lib/Cake/Core/App.php(904): App::_checkFatalError()
#4 [internal function]: App::shutdown()
#5 {main}
2013-07-31 18:46:17 Error: [PDOException] SQLSTATE[42000]: Syntax error or access violation: 1064 You have an error in your SQL syntax; check the manual that corresponds to your MySQL server version for the right syntax to use near '' at line 1
Request URL: /organizations/edit/15/1
Stack Trace:
#0 /Applications/XAMPP/xamppfiles/htdocs/ea/lib/Cake/Model/Datasource/DboSource.php(460): PDOStatement->execute(Array)
#1 /Applications/XAMPP/xamppfiles/htdocs/ea/lib/Cake/Model/Datasource/DboSource.php(426): DboSource->_execute('update', Array)
#2 /Applications/XAMPP/xamppfiles/htdocs/ea/lib/Cake/Model/Datasource/DboSource.php(666): DboSource->execute('update', Array, Array)
#3 /Applications/XAMPP/xamppfiles/htdocs/ea/lib/Cake/Model/Datasource/DboSource.php(611): DboSource->fetchAll('update', Array, Array)
#4 /Applications/XAMPP/xamppfiles/htdocs/ea/lib/Cake/Model/Model.php(799): DboSource->query('update', Array, Object(Address))
#5 /Applications/XAMPP/xamppfiles/htdocs/ea/app/Controller/OrganizationsController.php(50): Model->__call('update', Array)
#6 /Applications/XAMPP/xamppfiles/htdocs/ea/app/Controller/OrganizationsController.php(50): Address->update(Array)
#7 [internal function]: OrganizationsController->edit('15', '1')
#8 /Applications/XAMPP/xamppfiles/htdocs/ea/lib/Cake/Controller/Controller.php(486): ReflectionMethod->invokeArgs(Object(OrganizationsController), Array)
#9 /Applications/XAMPP/xamppfiles/htdocs/ea/lib/Cake/Routing/Dispatcher.php(187): Controller->invokeAction(Object(CakeRequest))
#10 /Applications/XAMPP/xamppfiles/htdocs/ea/lib/Cake/Routing/Dispatcher.php(162): Dispatcher->_invoke(Object(OrganizationsController), Object(CakeRequest), Object(CakeResponse))
#11 /Applications/XAMPP/xamppfiles/htdocs/ea/app/webroot/index.php(111): Dispatcher->dispatch(Object(CakeRequest), Object(CakeResponse))
#12 {main}
2013-07-31 21:42:13 Error: [MissingActionException] Action UsersController::index() could not be found.
Exception Attributes: array (
  'controller' => 'UsersController',
  'action' => 'index',
)
Request URL: /users
Stack Trace:
#0 /Applications/XAMPP/xamppfiles/htdocs/ea/lib/Cake/Routing/Dispatcher.php(187): Controller->invokeAction(Object(CakeRequest))
#1 /Applications/XAMPP/xamppfiles/htdocs/ea/lib/Cake/Routing/Dispatcher.php(162): Dispatcher->_invoke(Object(UsersController), Object(CakeRequest), Object(CakeResponse))
#2 /Applications/XAMPP/xamppfiles/htdocs/ea/app/webroot/index.php(111): Dispatcher->dispatch(Object(CakeRequest), Object(CakeResponse))
#3 {main}
